# JRE version: OpenJDK Runtime Environment (11.0.15) (build 11.0.15+0-b2043.56-9505619)
# Java VM: OpenJDK 64-Bit Server VM (11.0.15+0-b2043.56-9505619, mixed mode, tiered, compressed oops, g1 gc, windows-amd64)
Heap:
 garbage-first heap   total 519168K, used 203968K [0x0000000080000000, 0x0000000100000000)
  region size 1024K, 38 young (38912K), 5 survivors (5120K)
 Metaspace       used 133155K, capacity 137695K, committed 139376K, reserved 1177600K
  class space    used 16501K, capacity 18278K, committed 18932K, reserved 1048576K
GC Heap History (20 events):
Event: 4223.856 GC heap before
{Heap before GC invocations=141 (full 0):
 garbage-first heap   total 262144K, used 153600K [0x0000000080000000, 0x0000000100000000)
  region size 1024K, 12 young (12288K), 3 survivors (3072K)
 Metaspace       used 121272K, capacity 124641K, committed 125680K, reserved 1159168K
  class space    used 14415K, capacity 15608K, committed 15732K, reserved 1048576K
}
Event: 4223.861 GC heap after
{Heap after GC invocations=142 (full 0):
 garbage-first heap   total 262144K, used 148421K [0x0000000080000000, 0x0000000100000000)
  region size 1024K, 2 young (2048K), 2 survivors (2048K)
 Metaspace       used 121272K, capacity 124641K, committed 125680K, reserved 1159168K
  class space    used 14415K, capacity 15608K, committed 15732K, reserved 1048576K
}
Event: 4224.253 GC heap before
{Heap before GC invocations=143 (full 0):
 garbage-first heap   total 262144K, used 157637K [0x0000000080000000, 0x0000000100000000)
  region size 1024K, 12 young (12288K), 2 survivors (2048K)
 Metaspace       used 121258K, capacity 124584K, committed 125680K, reserved 1159168K
  class space    used 14402K, capacity 15585K, committed 15732K, reserved 1048576K
}
Event: 4224.258 GC heap after
{Heap after GC invocations=144 (full 0):
 garbage-first heap   total 262144K, used 150705K [0x0000000080000000, 0x0000000100000000)
  region size 1024K, 2 young (2048K), 2 survivors (2048K)
 Metaspace       used 121258K, capacity 124584K, committed 125680K, reserved 1159168K
  class space    used 14402K, capacity 15585K, committed 15732K, reserved 1048576K
}
Event: 4224.365 GC heap before
{Heap before GC invocations=144 (full 0):
 garbage-first heap   total 262144K, used 159921K [0x0000000080000000, 0x0000000100000000)
  region size 1024K, 12 young (12288K), 2 survivors (2048K)
 Metaspace       used 121269K, capacity 124584K, committed 125680K, reserved 1159168K
  class space    used 14403K, capacity 15585K, committed 15732K, reserved 1048576K
}
Event: 4224.379 GC heap after
{Heap after GC invocations=145 (full 0):
 garbage-first heap   total 262144K, used 150528K [0x0000000080000000, 0x0000000100000000)
  region size 1024K, 2 young (2048K), 2 survivors (2048K)
 Metaspace       used 121269K, capacity 124584K, committed 125680K, reserved 1159168K
  class space    used 14403K, capacity 15585K, committed 15732K, reserved 1048576K
}
Event: 4224.514 GC heap before
{Heap before GC invocations=145 (full 0):
 garbage-first heap   total 262144K, used 173056K [0x0000000080000000, 0x0000000100000000)
  region size 1024K, 24 young (24576K), 2 survivors (2048K)
 Metaspace       used 121363K, capacity 124668K, committed 125680K, reserved 1159168K
  class space    used 14416K, capacity 15591K, committed 15732K, reserved 1048576K
}
Event: 4224.518 GC heap after
{Heap after GC invocations=146 (full 0):
 garbage-first heap   total 262144K, used 152264K [0x0000000080000000, 0x0000000100000000)
  region size 1024K, 2 young (2048K), 2 survivors (2048K)
 Metaspace       used 121363K, capacity 124668K, committed 125680K, reserved 1159168K
  class space    used 14416K, capacity 15591K, committed 15732K, reserved 1048576K
}
Event: 4224.813 GC heap before
{Heap before GC invocations=147 (full 0):
 garbage-first heap   total 262144K, used 184008K [0x0000000080000000, 0x0000000100000000)
  region size 1024K, 30 young (30720K), 2 survivors (2048K)
 Metaspace       used 122310K, capacity 125614K, committed 125808K, reserved 1159168K
  class space    used 14565K, capacity 15769K, committed 15860K, reserved 1048576K
}
Event: 4224.818 GC heap after
{Heap after GC invocations=148 (full 0):
 garbage-first heap   total 262144K, used 154200K [0x0000000080000000, 0x0000000100000000)
  region size 1024K, 4 young (4096K), 4 survivors (4096K)
 Metaspace       used 122310K, capacity 125614K, committed 125808K, reserved 1159168K
  class space    used 14565K, capacity 15769K, committed 15860K, reserved 1048576K
}
Event: 4224.828 GC heap before
{Heap before GC invocations=148 (full 0):
 garbage-first heap   total 262144K, used 161368K [0x0000000080000000, 0x0000000100000000)
  region size 1024K, 12 young (12288K), 4 survivors (4096K)
 Metaspace       used 122324K, capacity 125681K, committed 125808K, reserved 1159168K
  class space    used 14565K, capacity 15769K, committed 15860K, reserved 1048576K
}
Event: 4224.837 GC heap after
{Heap after GC invocations=149 (full 0):
 garbage-first heap   total 262144K, used 152697K [0x0000000080000000, 0x0000000100000000)
  region size 1024K, 1 young (1024K), 1 survivors (1024K)
 Metaspace       used 122324K, capacity 125681K, committed 125808K, reserved 1159168K
  class space    used 14565K, capacity 15769K, committed 15860K, reserved 1048576K
}
Event: 4227.984 GC heap before
{Heap before GC invocations=149 (full 0):
 garbage-first heap   total 262144K, used 189561K [0x0000000080000000, 0x0000000100000000)
  region size 1024K, 38 young (38912K), 1 survivors (1024K)
 Metaspace       used 125192K, capacity 128776K, committed 128880K, reserved 1161216K
  class space    used 15021K, capacity 16343K, committed 16372K, reserved 1048576K
}
Event: 4227.988 GC heap after
{Heap after GC invocations=150 (full 0):
 garbage-first heap   total 262144K, used 155540K [0x0000000080000000, 0x0000000100000000)
  region size 1024K, 4 young (4096K), 4 survivors (4096K)
 Metaspace       used 125192K, capacity 128776K, committed 128880K, reserved 1161216K
  class space    used 15021K, capacity 16343K, committed 16372K, reserved 1048576K
}
Event: 4228.881 GC heap before
{Heap before GC invocations=151 (full 0):
 garbage-first heap   total 262144K, used 196500K [0x0000000080000000, 0x0000000100000000)
  region size 1024K, 45 young (46080K), 4 survivors (4096K)
 Metaspace       used 127901K, capacity 131820K, committed 132080K, reserved 1165312K
  class space    used 15468K, capacity 16934K, committed 17012K, reserved 1048576K
}
Event: 4228.904 GC heap after
{Heap after GC invocations=152 (full 0):
 garbage-first heap   total 262144K, used 166613K [0x0000000080000000, 0x0000000100000000)
  region size 1024K, 6 young (6144K), 6 survivors (6144K)
 Metaspace       used 127901K, capacity 131820K, committed 132080K, reserved 1165312K
  class space    used 15468K, capacity 16934K, committed 17012K, reserved 1048576K
}
Event: 4228.996 GC heap before
{Heap before GC invocations=152 (full 0):
 garbage-first heap   total 262144K, used 172757K [0x0000000080000000, 0x0000000100000000)
  region size 1024K, 12 young (12288K), 6 survivors (6144K)
 Metaspace       used 128884K, capacity 133312K, committed 133488K, reserved 1165312K
  class space    used 15809K, capacity 17543K, committed 17652K, reserved 1048576K
}
Event: 4229.020 GC heap after
{Heap after GC invocations=153 (full 0):
 garbage-first heap   total 519168K, used 167616K [0x0000000080000000, 0x0000000100000000)
  region size 1024K, 2 young (2048K), 2 survivors (2048K)
 Metaspace       used 128884K, capacity 133312K, committed 133488K, reserved 1165312K
  class space    used 15809K, capacity 17543K, committed 17652K, reserved 1048576K
}
Event: 4229.467 GC heap before
{Heap before GC invocations=153 (full 0):
 garbage-first heap   total 519168K, used 229056K [0x0000000080000000, 0x0000000100000000)
  region size 1024K, 62 young (63488K), 2 survivors (2048K)
 Metaspace       used 133563K, capacity 138684K, committed 138992K, reserved 1175552K
  class space    used 16729K, capacity 18747K, committed 18804K, reserved 1048576K
}
Event: 4229.474 GC heap after
{Heap after GC invocations=154 (full 0):
 garbage-first heap   total 519168K, used 171200K [0x0000000080000000, 0x0000000100000000)
  region size 1024K, 5 young (5120K), 5 survivors (5120K)
 Metaspace       used 133563K, capacity 138684K, committed 138992K, reserved 1175552K
  class space    used 16729K, capacity 18747K, committed 18804K, reserved 1048576K
}

